Pig Stack Trace
---------------
ERROR 1200: <file h1b8.pig, line 7, column 0>  Syntax error, unexpected symbol at or near 'dump'

org.apache.pig.impl.logicalLayer.FrontendException: ERROR 1000: Error during parsing. <file h1b8.pig, line 7, column 0>  Syntax error, unexpected symbol at or near 'dump'
	at org.apache.pig.PigServer$Graph.parseQuery(PigServer.java:1725)
	at org.apache.pig.PigServer$Graph.access$000(PigServer.java:1420)
	at org.apache.pig.PigServer.parseAndBuild(PigServer.java:364)
	at org.apache.pig.PigServer.executeBatch(PigServer.java:389)
	at org.apache.pig.PigServer.executeBatch(PigServer.java:375)
	at org.apache.pig.tools.grunt.GruntParser.executeBatch(GruntParser.java:170)
	at org.apache.pig.tools.grunt.GruntParser.parseStopOnError(GruntParser.java:232)
	at org.apache.pig.tools.grunt.GruntParser.parseStopOnError(GruntParser.java:203)
	at org.apache.pig.tools.grunt.Grunt.exec(Grunt.java:81)
	at org.apache.pig.Main.run(Main.java:608)
	at org.apache.pig.Main.main(Main.java:156)
	at sun.reflect.NativeMethodAccessorImpl.invoke0(Native Method)
	at sun.reflect.NativeMethodAccessorImpl.invoke(NativeMethodAccessorImpl.java:62)
	at sun.reflect.DelegatingMethodAccessorImpl.invoke(DelegatingMethodAccessorImpl.java:43)
	at java.lang.reflect.Method.invoke(Method.java:498)
	at org.apache.hadoop.util.RunJar.run(RunJar.java:221)
	at org.apache.hadoop.util.RunJar.main(RunJar.java:136)
Caused by: Failed to parse: <file h1b8.pig, line 7, column 0>  Syntax error, unexpected symbol at or near 'dump'
	at org.apache.pig.parser.QueryParserDriver.parse(QueryParserDriver.java:241)
	at org.apache.pig.parser.QueryParserDriver.parse(QueryParserDriver.java:179)
	at org.apache.pig.PigServer$Graph.parseQuery(PigServer.java:1712)
	... 16 more
================================================================================
